# JRE version: OpenJDK Runtime Environment (17.0.6) (build 17.0.6+0-b2043.56-10027231)
# Java VM: OpenJDK 64-Bit Server VM (17.0.6+0-b2043.56-10027231, mixed mode, tiered, compressed oops, compressed class ptrs, g1 gc, windows-amd64)
GC Precious Log:
 CPUs: 16 total, 16 available
 Memory: 7598M
 Large Page Support: Disabled
 NUMA Support: Disabled
 Compressed Oops: Enabled (32-bit)
 Heap Region Size: 1M
 Heap Min Capacity: 8M
 Heap Initial Capacity: 120M
 Heap Max Capacity: 2G
 Pre-touch: Disabled
 Parallel Workers: 13
 Concurrent Workers: 3
 Concurrent Refinement Workers: 13
 Periodic GC: Disabled
Heap:
 garbage-first heap   total 141312K, used 84739K [0x0000000080000000, 0x0000000100000000)
  region size 1024K, 1 young (1024K), 1 survivors (1024K)
 Metaspace       used 93578K, committed 94208K, reserved 1130496K
  class space    used 12724K, committed 13056K, reserved 1048576K
GC Heap History (20 events):
Event: 9.970 GC heap after
{Heap after GC invocations=24 (full 0):
 garbage-first heap   total 117760K, used 62135K [0x0000000080000000, 0x0000000100000000)
  region size 1024K, 4 young (4096K), 4 survivors (4096K)
 Metaspace       used 64243K, committed 64768K, reserved 1105920K
  class space    used 8516K, committed 8768K, reserved 1048576K
}
Event: 10.242 GC heap before
{Heap before GC invocations=25 (full 0):
 garbage-first heap   total 117760K, used 85687K [0x0000000080000000, 0x0000000100000000)
  region size 1024K, 25 young (25600K), 4 survivors (4096K)
 Metaspace       used 66222K, committed 66752K, reserved 1114112K
  class space    used 8781K, committed 9024K, reserved 1048576K
}
Event: 10.245 GC heap after
{Heap after GC invocations=26 (full 0):
 garbage-first heap   total 117760K, used 59427K [0x0000000080000000, 0x0000000100000000)
  region size 1024K, 2 young (2048K), 2 survivors (2048K)
 Metaspace       used 66222K, committed 66752K, reserved 1114112K
  class space    used 8781K, committed 9024K, reserved 1048576K
}
Event: 10.590 GC heap before
{Heap before GC invocations=26 (full 0):
 garbage-first heap   total 117760K, used 82979K [0x0000000080000000, 0x0000000100000000)
  region size 1024K, 26 young (26624K), 2 survivors (2048K)
 Metaspace       used 68814K, committed 69376K, reserved 1114112K
  class space    used 9092K, committed 9344K, reserved 1048576K
}
Event: 10.595 GC heap after
{Heap after GC invocations=27 (full 0):
 garbage-first heap   total 141312K, used 61271K [0x0000000080000000, 0x0000000100000000)
  region size 1024K, 4 young (4096K), 4 survivors (4096K)
 Metaspace       used 68814K, committed 69376K, reserved 1114112K
  class space    used 9092K, committed 9344K, reserved 1048576K
}
Event: 11.216 GC heap before
{Heap before GC invocations=28 (full 0):
 garbage-first heap   total 141312K, used 99159K [0x0000000080000000, 0x0000000100000000)
  region size 1024K, 41 young (41984K), 4 survivors (4096K)
 Metaspace       used 72840K, committed 73408K, reserved 1114112K
  class space    used 9660K, committed 9920K, reserved 1048576K
}
Event: 11.222 GC heap after
{Heap after GC invocations=29 (full 0):
 garbage-first heap   total 141312K, used 63544K [0x0000000080000000, 0x0000000100000000)
  region size 1024K, 5 young (5120K), 5 survivors (5120K)
 Metaspace       used 72840K, committed 73408K, reserved 1114112K
  class space    used 9660K, committed 9920K, reserved 1048576K
}
Event: 11.807 GC heap before
{Heap before GC invocations=29 (full 0):
 garbage-first heap   total 141312K, used 103480K [0x0000000080000000, 0x0000000100000000)
  region size 1024K, 44 young (45056K), 5 survivors (5120K)
 Metaspace       used 76016K, committed 76608K, reserved 1122304K
  class space    used 10049K, committed 10304K, reserved 1048576K
}
Event: 11.814 GC heap after
{Heap after GC invocations=30 (full 0):
 garbage-first heap   total 141312K, used 66551K [0x0000000080000000, 0x0000000100000000)
  region size 1024K, 6 young (6144K), 6 survivors (6144K)
 Metaspace       used 76016K, committed 76608K, reserved 1122304K
  class space    used 10049K, committed 10304K, reserved 1048576K
}
Event: 12.610 GC heap before
{Heap before GC invocations=30 (full 0):
 garbage-first heap   total 141312K, used 106487K [0x0000000080000000, 0x0000000100000000)
  region size 1024K, 45 young (46080K), 6 survivors (6144K)
 Metaspace       used 80689K, committed 81280K, reserved 1122304K
  class space    used 10882K, committed 11136K, reserved 1048576K
}
Event: 12.618 GC heap after
{Heap after GC invocations=31 (full 0):
 garbage-first heap   total 141312K, used 68696K [0x0000000080000000, 0x0000000100000000)
  region size 1024K, 6 young (6144K), 6 survivors (6144K)
 Metaspace       used 80689K, committed 81280K, reserved 1122304K
  class space    used 10882K, committed 11136K, reserved 1048576K
}
Event: 13.661 GC heap before
{Heap before GC invocations=31 (full 0):
 garbage-first heap   total 141312K, used 108632K [0x0000000080000000, 0x0000000100000000)
  region size 1024K, 45 young (46080K), 6 survivors (6144K)
 Metaspace       used 85047K, committed 85632K, reserved 1130496K
  class space    used 11512K, committed 11776K, reserved 1048576K
}
Event: 13.669 GC heap after
{Heap after GC invocations=32 (full 0):
 garbage-first heap   total 141312K, used 72068K [0x0000000080000000, 0x0000000100000000)
  region size 1024K, 6 young (6144K), 6 survivors (6144K)
 Metaspace       used 85047K, committed 85632K, reserved 1130496K
  class space    used 11512K, committed 11776K, reserved 1048576K
}
Event: 14.276 GC heap before
{Heap before GC invocations=33 (full 0):
 garbage-first heap   total 141312K, used 110980K [0x0000000080000000, 0x0000000100000000)
  region size 1024K, 44 young (45056K), 6 survivors (6144K)
 Metaspace       used 89062K, committed 89664K, reserved 1130496K
  class space    used 12137K, committed 12416K, reserved 1048576K
}
Event: 14.285 GC heap after
{Heap after GC invocations=34 (full 0):
 garbage-first heap   total 141312K, used 74561K [0x0000000080000000, 0x0000000100000000)
  region size 1024K, 3 young (3072K), 3 survivors (3072K)
 Metaspace       used 89062K, committed 89664K, reserved 1130496K
  class space    used 12137K, committed 12416K, reserved 1048576K
}
Event: 15.044 GC heap before
{Heap before GC invocations=34 (full 0):
 garbage-first heap   total 141312K, used 113473K [0x0000000080000000, 0x0000000100000000)
  region size 1024K, 41 young (41984K), 3 survivors (3072K)
 Metaspace       used 92850K, committed 93504K, reserved 1130496K
  class space    used 12630K, committed 12928K, reserved 1048576K
}
Event: 15.051 GC heap after
{Heap after GC invocations=35 (full 0):
 garbage-first heap   total 141312K, used 78863K [0x0000000080000000, 0x0000000100000000)
  region size 1024K, 6 young (6144K), 6 survivors (6144K)
 Metaspace       used 92850K, committed 93504K, reserved 1130496K
  class space    used 12630K, committed 12928K, reserved 1048576K
}
Event: 15.386 GC heap before
{Heap before GC invocations=36 (full 0):
 garbage-first heap   total 141312K, used 113679K [0x0000000080000000, 0x0000000100000000)
  region size 1024K, 40 young (40960K), 6 survivors (6144K)
 Metaspace       used 93577K, committed 94208K, reserved 1130496K
  class space    used 12724K, committed 13056K, reserved 1048576K
}
Event: 15.396 GC heap after
{Heap after GC invocations=37 (full 0):
 garbage-first heap   total 141312K, used 84073K [0x0000000080000000, 0x0000000100000000)
  region size 1024K, 5 young (5120K), 5 survivors (5120K)
 Metaspace       used 93577K, committed 94208K, reserved 1130496K
  class space    used 12724K, committed 13056K, reserved 1048576K
}
Event: 15.403 GC heap before
{Heap before GC invocations=37 (full 0):
 garbage-first heap   total 141312K, used 85097K [0x0000000080000000, 0x0000000100000000)
  region size 1024K, 6 young (6144K), 5 survivors (5120K)
 Metaspace       used 93578K, committed 94208K, reserved 1130496K
  class space    used 12724K, committed 13056K, reserved 1048576K
}

